<?xml version="1.0" encoding="UTF-8"?>
<coverage generated="1598326282201" clover="3.2.0">
  <project timestamp="1598326282201" name="All files">
    <metrics statements="41" coveredstatements="27" conditionals="11" coveredconditionals="2" methods="10" coveredmethods="4" elements="62" coveredelements="33" complexity="0" loc="41" ncloc="41" packages="2" files="3" classes="3"/>
    <package name="Lab11">
      <metrics statements="6" coveredstatements="4" conditionals="3" coveredconditionals="0" methods="2" coveredmethods="0"/>
      <file name="server.js" path="/home/daisyjanejohnson/codefellows/401/Lab11/server.js">
        <metrics statements="6" coveredstatements="4" conditionals="3" coveredconditionals="0" methods="2" coveredmethods="0"/>
        <line num="3" count="1" type="stmt"/>
        <line num="4" count="1" type="stmt"/>
        <line num="6" count="1" type="stmt"/>
        <line num="8" count="1" type="stmt"/>
        <line num="11" count="0" type="cond" truecount="0" falsecount="3"/>
        <line num="12" count="0" type="stmt"/>
      </file>
    </package>
    <package name="Lab11.src.auth">
      <metrics statements="35" coveredstatements="23" conditionals="8" coveredconditionals="2" methods="8" coveredmethods="4"/>
      <file name="middleware.js" path="/home/daisyjanejohnson/codefellows/401/Lab11/src/auth/middleware.js">
        <metrics statements="13" coveredstatements="9" conditionals="2" coveredconditionals="1" methods="3" coveredmethods="2"/>
        <line num="3" count="1" type="stmt"/>
        <line num="4" count="1" type="stmt"/>
        <line num="6" count="1" type="stmt"/>
        <line num="8" count="2" type="stmt"/>
        <line num="10" count="2" type="cond" truecount="1" falsecount="1"/>
        <line num="14" count="2" type="stmt"/>
        <line num="16" count="2" type="stmt"/>
        <line num="20" count="2" type="stmt"/>
        <line num="22" count="0" type="stmt"/>
        <line num="23" count="0" type="stmt"/>
        <line num="24" count="0" type="stmt"/>
        <line num="25" count="0" type="stmt"/>
        <line num="27" count="2" type="stmt"/>
      </file>
      <file name="users-model.js" path="/home/daisyjanejohnson/codefellows/401/Lab11/src/auth/users-model.js">
        <metrics statements="22" coveredstatements="14" conditionals="6" coveredconditionals="1" methods="5" coveredmethods="2"/>
        <line num="3" count="1" type="stmt"/>
        <line num="4" count="1" type="stmt"/>
        <line num="5" count="1" type="stmt"/>
        <line num="7" count="1" type="stmt"/>
        <line num="9" count="1" type="stmt"/>
        <line num="17" count="1" type="stmt"/>
        <line num="18" count="1" type="cond" truecount="1" falsecount="1"/>
        <line num="19" count="1" type="stmt"/>
        <line num="24" count="1" type="stmt"/>
        <line num="25" count="2" type="stmt"/>
        <line num="26" count="2" type="stmt"/>
        <line num="27" count="0" type="cond" truecount="0" falsecount="2"/>
        <line num="28" count="0" type="stmt"/>
        <line num="32" count="1" type="stmt"/>
        <line num="33" count="0" type="stmt"/>
        <line num="34" count="0" type="cond" truecount="0" falsecount="2"/>
        <line num="37" count="1" type="stmt"/>
        <line num="38" count="0" type="stmt"/>
        <line num="41" count="0" type="stmt"/>
        <line num="42" count="0" type="stmt"/>
        <line num="43" count="0" type="stmt"/>
        <line num="46" count="1" type="stmt"/>
      </file>
    </package>
  </project>
</coverage>
