{"/home/daisyjanejohnson/codefellows/401/Lab11/server.js": {"path":"/home/daisyjanejohnson/codefellows/401/Lab11/server.js","statementMap":{"0":{"start":{"line":3,"column":16},"end":{"line":3,"column":34}},"1":{"start":{"line":4,"column":0},"end":{"line":4,"column":27}},"2":{"start":{"line":6,"column":12},"end":{"line":6,"column":21}},"3":{"start":{"line":8,"column":0},"end":{"line":14,"column":2}},"4":{"start":{"line":11,"column":15},"end":{"line":11,"column":47}},"5":{"start":{"line":12,"column":4},"end":{"line":12,"column":64}},"6":{"start":{"line":12,"column":27},"end":{"line":12,"column":62}}},"fnMap":{"0":{"name":"(anonymous_0)","decl":{"start":{"line":10,"column":9},"end":{"line":10,"column":10}},"loc":{"start":{"line":10,"column":17},"end":{"line":13,"column":3}},"line":10},"1":{"name":"(anonymous_1)","decl":{"start":{"line":12,"column":21},"end":{"line":12,"column":22}},"loc":{"start":{"line":12,"column":27},"end":{"line":12,"column":62}},"line":12}},"branchMap":{"0":{"loc":{"start":{"line":11,"column":15},"end":{"line":11,"column":47}},"type":"binary-expr","locations":[{"start":{"line":11,"column":15},"end":{"line":11,"column":19}},{"start":{"line":11,"column":23},"end":{"line":11,"column":39}},{"start":{"line":11,"column":43},"end":{"line":11,"column":47}}],"line":11}},"s":{"0":1,"1":1,"2":1,"3":1,"4":0,"5":0,"6":0},"f":{"0":0,"1":0},"b":{"0":[0,0,0]},"_coverageSchema":"1a1c01bbd47fc00a2c39e90264f33305004495a9","hash":"e260c070618e00a187fec2ce9de6e3a6ed8a4f8c"}
,"/home/daisyjanejohnson/codefellows/401/Lab11/src/auth/middleware.js": {"path":"/home/daisyjanejohnson/codefellows/401/Lab11/src/auth/middleware.js","statementMap":{"0":{"start":{"line":3,"column":15},"end":{"line":3,"column":33}},"1":{"start":{"line":4,"column":14},"end":{"line":4,"column":41}},"2":{"start":{"line":6,"column":0},"end":{"line":29,"column":4}},"3":{"start":{"line":8,"column":2},"end":{"line":8,"column":41}},"4":{"start":{"line":10,"column":2},"end":{"line":10,"column":82}},"5":{"start":{"line":10,"column":35},"end":{"line":10,"column":72}},"6":{"start":{"line":10,"column":73},"end":{"line":10,"column":80}},"7":{"start":{"line":14,"column":14},"end":{"line":14,"column":56}},"8":{"start":{"line":16,"column":21},"end":{"line":16,"column":52}},"9":{"start":{"line":20,"column":2},"end":{"line":27,"column":40}},"10":{"start":{"line":22,"column":6},"end":{"line":22,"column":38}},"11":{"start":{"line":23,"column":6},"end":{"line":23,"column":49}},"12":{"start":{"line":24,"column":6},"end":{"line":24,"column":44}},"13":{"start":{"line":25,"column":6},"end":{"line":25,"column":13}},"14":{"start":{"line":27,"column":18},"end":{"line":27,"column":39}}},"fnMap":{"0":{"name":"(anonymous_0)","decl":{"start":{"line":6,"column":17},"end":{"line":6,"column":18}},"loc":{"start":{"line":6,"column":37},"end":{"line":29,"column":3}},"line":6},"1":{"name":"(anonymous_1)","decl":{"start":{"line":21,"column":10},"end":{"line":21,"column":11}},"loc":{"start":{"line":21,"column":23},"end":{"line":26,"column":5}},"line":21},"2":{"name":"(anonymous_2)","decl":{"start":{"line":27,"column":11},"end":{"line":27,"column":12}},"loc":{"start":{"line":27,"column":18},"end":{"line":27,"column":39}},"line":27}},"branchMap":{"0":{"loc":{"start":{"line":10,"column":2},"end":{"line":10,"column":82}},"type":"if","locations":[{"start":{"line":10,"column":2},"end":{"line":10,"column":82}},{"start":{"line":10,"column":2},"end":{"line":10,"column":82}}],"line":10}},"s":{"0":1,"1":1,"2":1,"3":2,"4":2,"5":0,"6":0,"7":2,"8":2,"9":2,"10":0,"11":0,"12":0,"13":0,"14":2},"f":{"0":2,"1":0,"2":2},"b":{"0":[0,2]},"_coverageSchema":"1a1c01bbd47fc00a2c39e90264f33305004495a9","hash":"4d153a832f1dbf47cf0c8b8cfd0f10c3bb705eef"}
,"/home/daisyjanejohnson/codefellows/401/Lab11/src/auth/users-model.js": {"path":"/home/daisyjanejohnson/codefellows/401/Lab11/src/auth/users-model.js","statementMap":{"0":{"start":{"line":3,"column":17},"end":{"line":3,"column":36}},"1":{"start":{"line":4,"column":15},"end":{"line":4,"column":32}},"2":{"start":{"line":5,"column":12},"end":{"line":5,"column":35}},"3":{"start":{"line":7,"column":15},"end":{"line":7,"column":36}},"4":{"start":{"line":9,"column":14},"end":{"line":14,"column":2}},"5":{"start":{"line":17,"column":0},"end":{"line":21,"column":2}},"6":{"start":{"line":18,"column":2},"end":{"line":20,"column":3}},"7":{"start":{"line":19,"column":4},"end":{"line":19,"column":57}},"8":{"start":{"line":24,"column":0},"end":{"line":29,"column":2}},"9":{"start":{"line":25,"column":14},"end":{"line":25,"column":24}},"10":{"start":{"line":26,"column":20},"end":{"line":26,"column":45}},"11":{"start":{"line":27,"column":16},"end":{"line":27,"column":70}},"12":{"start":{"line":28,"column":2},"end":{"line":28,"column":15}},"13":{"start":{"line":32,"column":0},"end":{"line":35,"column":1}},"14":{"start":{"line":33,"column":2},"end":{"line":34,"column":38}},"15":{"start":{"line":34,"column":17},"end":{"line":34,"column":36}},"16":{"start":{"line":37,"column":0},"end":{"line":44,"column":2}},"17":{"start":{"line":38,"column":18},"end":{"line":40,"column":3}},"18":{"start":{"line":41,"column":17},"end":{"line":41,"column":44}},"19":{"start":{"line":42,"column":2},"end":{"line":42,"column":32}},"20":{"start":{"line":43,"column":2},"end":{"line":43,"column":16}},"21":{"start":{"line":46,"column":0},"end":{"line":46,"column":48}}},"fnMap":{"0":{"name":"(anonymous_0)","decl":{"start":{"line":17,"column":18},"end":{"line":17,"column":19}},"loc":{"start":{"line":17,"column":35},"end":{"line":21,"column":1}},"line":17},"1":{"name":"(anonymous_1)","decl":{"start":{"line":24,"column":34},"end":{"line":24,"column":35}},"loc":{"start":{"line":24,"column":70},"end":{"line":29,"column":1}},"line":24},"2":{"name":"(anonymous_2)","decl":{"start":{"line":32,"column":32},"end":{"line":32,"column":33}},"loc":{"start":{"line":32,"column":56},"end":{"line":35,"column":1}},"line":32},"3":{"name":"(anonymous_3)","decl":{"start":{"line":34,"column":8},"end":{"line":34,"column":9}},"loc":{"start":{"line":34,"column":17},"end":{"line":34,"column":36}},"line":34},"4":{"name":"(anonymous_4)","decl":{"start":{"line":37,"column":30},"end":{"line":37,"column":31}},"loc":{"start":{"line":37,"column":40},"end":{"line":44,"column":1}},"line":37}},"branchMap":{"0":{"loc":{"start":{"line":18,"column":2},"end":{"line":20,"column":3}},"type":"if","locations":[{"start":{"line":18,"column":2},"end":{"line":20,"column":3}},{"start":{"line":18,"column":2},"end":{"line":20,"column":3}}],"line":18},"1":{"loc":{"start":{"line":27,"column":16},"end":{"line":27,"column":70}},"type":"binary-expr","locations":[{"start":{"line":27,"column":16},"end":{"line":27,"column":25}},{"start":{"line":27,"column":29},"end":{"line":27,"column":70}}],"line":27},"2":{"loc":{"start":{"line":34,"column":17},"end":{"line":34,"column":36}},"type":"cond-expr","locations":[{"start":{"line":34,"column":25},"end":{"line":34,"column":29}},{"start":{"line":34,"column":32},"end":{"line":34,"column":36}}],"line":34}},"s":{"0":1,"1":1,"2":1,"3":1,"4":1,"5":1,"6":1,"7":1,"8":1,"9":2,"10":2,"11":0,"12":0,"13":1,"14":0,"15":0,"16":1,"17":0,"18":0,"19":0,"20":0,"21":1},"f":{"0":1,"1":2,"2":0,"3":0,"4":0},"b":{"0":[1,0],"1":[0,0],"2":[0,0]},"_coverageSchema":"1a1c01bbd47fc00a2c39e90264f33305004495a9","hash":"7163de63eb1368f43ae7c7b2c444c141d819664b"}
}
