{"/home/daisyjanejohnson/codefellows/401/Lab11/server.js": {"path":"/home/daisyjanejohnson/codefellows/401/Lab11/server.js","statementMap":{"0":{"start":{"line":3,"column":16},"end":{"line":3,"column":34}},"1":{"start":{"line":4,"column":0},"end":{"line":4,"column":27}},"2":{"start":{"line":6,"column":12},"end":{"line":6,"column":21}},"3":{"start":{"line":8,"column":0},"end":{"line":14,"column":2}},"4":{"start":{"line":11,"column":15},"end":{"line":11,"column":47}},"5":{"start":{"line":12,"column":4},"end":{"line":12,"column":64}},"6":{"start":{"line":12,"column":27},"end":{"line":12,"column":62}}},"fnMap":{"0":{"name":"(anonymous_0)","decl":{"start":{"line":10,"column":9},"end":{"line":10,"column":10}},"loc":{"start":{"line":10,"column":17},"end":{"line":13,"column":3}},"line":10},"1":{"name":"(anonymous_1)","decl":{"start":{"line":12,"column":21},"end":{"line":12,"column":22}},"loc":{"start":{"line":12,"column":27},"end":{"line":12,"column":62}},"line":12}},"branchMap":{"0":{"loc":{"start":{"line":11,"column":15},"end":{"line":11,"column":47}},"type":"binary-expr","locations":[{"start":{"line":11,"column":15},"end":{"line":11,"column":19}},{"start":{"line":11,"column":23},"end":{"line":11,"column":39}},{"start":{"line":11,"column":43},"end":{"line":11,"column":47}}],"line":11}},"s":{"0":2,"1":2,"2":2,"3":2,"4":0,"5":0,"6":0},"f":{"0":0,"1":0},"b":{"0":[0,0,0]},"_coverageSchema":"1a1c01bbd47fc00a2c39e90264f33305004495a9","hash":"e260c070618e00a187fec2ce9de6e3a6ed8a4f8c"}
,"/home/daisyjanejohnson/codefellows/401/Lab11/src/auth/middleware.js": {"path":"/home/daisyjanejohnson/codefellows/401/Lab11/src/auth/middleware.js","statementMap":{"0":{"start":{"line":3,"column":15},"end":{"line":3,"column":33}},"1":{"start":{"line":4,"column":14},"end":{"line":4,"column":41}},"2":{"start":{"line":6,"column":0},"end":{"line":47,"column":4}},"3":{"start":{"line":8,"column":2},"end":{"line":8,"column":41}},"4":{"start":{"line":10,"column":2},"end":{"line":10,"column":147}},"5":{"start":{"line":10,"column":36},"end":{"line":10,"column":137}},"6":{"start":{"line":10,"column":138},"end":{"line":10,"column":145}},"7":{"start":{"line":14,"column":20},"end":{"line":14,"column":62}},"8":{"start":{"line":17,"column":18},"end":{"line":17,"column":44}},"9":{"start":{"line":19,"column":2},"end":{"line":19,"column":39}},"10":{"start":{"line":21,"column":21},"end":{"line":21,"column":39}},"11":{"start":{"line":23,"column":4},"end":{"line":31,"column":5}},"12":{"start":{"line":24,"column":24},"end":{"line":24,"column":65}},"13":{"start":{"line":26,"column":6},"end":{"line":26,"column":49}},"14":{"start":{"line":27,"column":6},"end":{"line":27,"column":22}},"15":{"start":{"line":28,"column":6},"end":{"line":28,"column":13}},"16":{"start":{"line":30,"column":6},"end":{"line":30,"column":102}}},"fnMap":{"0":{"name":"basicAuthentication","decl":{"start":{"line":6,"column":33},"end":{"line":6,"column":52}},"loc":{"start":{"line":6,"column":69},"end":{"line":47,"column":3}},"line":6}},"branchMap":{"0":{"loc":{"start":{"line":10,"column":2},"end":{"line":10,"column":147}},"type":"if","locations":[{"start":{"line":10,"column":2},"end":{"line":10,"column":147}},{"start":{"line":10,"column":2},"end":{"line":10,"column":147}}],"line":10}},"s":{"0":2,"1":2,"2":2,"3":3,"4":3,"5":0,"6":0,"7":3,"8":3,"9":3,"10":3,"11":3,"12":3,"13":3,"14":0,"15":0,"16":3},"f":{"0":3},"b":{"0":[0,3]},"_coverageSchema":"1a1c01bbd47fc00a2c39e90264f33305004495a9","hash":"543a82691b647ac4c1ff8a74f4341bfe74a1e3a2"}
,"/home/daisyjanejohnson/codefellows/401/Lab11/src/auth/users-model.js": {"path":"/home/daisyjanejohnson/codefellows/401/Lab11/src/auth/users-model.js","statementMap":{"0":{"start":{"line":3,"column":17},"end":{"line":3,"column":36}},"1":{"start":{"line":4,"column":15},"end":{"line":4,"column":32}},"2":{"start":{"line":5,"column":12},"end":{"line":5,"column":35}},"3":{"start":{"line":7,"column":15},"end":{"line":7,"column":36}},"4":{"start":{"line":9,"column":14},"end":{"line":14,"column":2}},"5":{"start":{"line":17,"column":0},"end":{"line":28,"column":3}},"6":{"start":{"line":18,"column":2},"end":{"line":26,"column":3}},"7":{"start":{"line":19,"column":4},"end":{"line":23,"column":6}},"8":{"start":{"line":21,"column":8},"end":{"line":21,"column":35}},"9":{"start":{"line":22,"column":8},"end":{"line":22,"column":15}},"10":{"start":{"line":24,"column":4},"end":{"line":24,"column":37}},"11":{"start":{"line":25,"column":4},"end":{"line":25,"column":26}},"12":{"start":{"line":31,"column":0},"end":{"line":43,"column":2}},"13":{"start":{"line":32,"column":14},"end":{"line":32,"column":36}},"14":{"start":{"line":33,"column":2},"end":{"line":41,"column":6}},"15":{"start":{"line":35,"column":6},"end":{"line":35,"column":58}},"16":{"start":{"line":36,"column":5},"end":{"line":36,"column":65}},"17":{"start":{"line":39,"column":6},"end":{"line":39,"column":49}},"18":{"start":{"line":40,"column":6},"end":{"line":40,"column":28}},"19":{"start":{"line":46,"column":0},"end":{"line":49,"column":1}},"20":{"start":{"line":47,"column":2},"end":{"line":48,"column":38}},"21":{"start":{"line":48,"column":17},"end":{"line":48,"column":36}},"22":{"start":{"line":51,"column":0},"end":{"line":58,"column":2}},"23":{"start":{"line":52,"column":18},"end":{"line":54,"column":3}},"24":{"start":{"line":55,"column":17},"end":{"line":55,"column":48}},"25":{"start":{"line":56,"column":2},"end":{"line":56,"column":32}},"26":{"start":{"line":57,"column":2},"end":{"line":57,"column":16}},"27":{"start":{"line":60,"column":0},"end":{"line":60,"column":48}}},"fnMap":{"0":{"name":"(anonymous_0)","decl":{"start":{"line":17,"column":18},"end":{"line":17,"column":19}},"loc":{"start":{"line":17,"column":35},"end":{"line":28,"column":1}},"line":17},"1":{"name":"(anonymous_1)","decl":{"start":{"line":20,"column":12},"end":{"line":20,"column":13}},"loc":{"start":{"line":20,"column":26},"end":{"line":23,"column":5}},"line":20},"2":{"name":"(anonymous_2)","decl":{"start":{"line":31,"column":34},"end":{"line":31,"column":35}},"loc":{"start":{"line":31,"column":70},"end":{"line":43,"column":1}},"line":31},"3":{"name":"(anonymous_3)","decl":{"start":{"line":34,"column":10},"end":{"line":34,"column":11}},"loc":{"start":{"line":34,"column":18},"end":{"line":37,"column":5}},"line":34},"4":{"name":"(anonymous_4)","decl":{"start":{"line":38,"column":11},"end":{"line":38,"column":12}},"loc":{"start":{"line":38,"column":18},"end":{"line":41,"column":5}},"line":38},"5":{"name":"(anonymous_5)","decl":{"start":{"line":46,"column":32},"end":{"line":46,"column":33}},"loc":{"start":{"line":46,"column":56},"end":{"line":49,"column":1}},"line":46},"6":{"name":"(anonymous_6)","decl":{"start":{"line":48,"column":8},"end":{"line":48,"column":9}},"loc":{"start":{"line":48,"column":17},"end":{"line":48,"column":36}},"line":48},"7":{"name":"(anonymous_7)","decl":{"start":{"line":51,"column":30},"end":{"line":51,"column":31}},"loc":{"start":{"line":51,"column":40},"end":{"line":58,"column":1}},"line":51}},"branchMap":{"0":{"loc":{"start":{"line":18,"column":2},"end":{"line":26,"column":3}},"type":"if","locations":[{"start":{"line":18,"column":2},"end":{"line":26,"column":3}},{"start":{"line":18,"column":2},"end":{"line":26,"column":3}}],"line":18},"1":{"loc":{"start":{"line":36,"column":12},"end":{"line":36,"column":64}},"type":"cond-expr","locations":[{"start":{"line":36,"column":53},"end":{"line":36,"column":57}},{"start":{"line":36,"column":60},"end":{"line":36,"column":64}}],"line":36},"2":{"loc":{"start":{"line":36,"column":12},"end":{"line":36,"column":50}},"type":"binary-expr","locations":[{"start":{"line":36,"column":12},"end":{"line":36,"column":16}},{"start":{"line":36,"column":20},"end":{"line":36,"column":50}}],"line":36},"3":{"loc":{"start":{"line":48,"column":17},"end":{"line":48,"column":36}},"type":"cond-expr","locations":[{"start":{"line":48,"column":25},"end":{"line":48,"column":29}},{"start":{"line":48,"column":32},"end":{"line":48,"column":36}}],"line":48}},"s":{"0":2,"1":2,"2":2,"3":2,"4":2,"5":2,"6":1,"7":1,"8":1,"9":1,"10":0,"11":0,"12":2,"13":3,"14":3,"15":3,"16":3,"17":0,"18":0,"19":2,"20":0,"21":0,"22":2,"23":0,"24":0,"25":0,"26":0,"27":2},"f":{"0":1,"1":1,"2":3,"3":3,"4":0,"5":0,"6":0,"7":0},"b":{"0":[1,0],"1":[0,3],"2":[3,0],"3":[0,0]},"_coverageSchema":"1a1c01bbd47fc00a2c39e90264f33305004495a9","hash":"e74a61310d7c0c56d5221bb36e8720aa07445e69"}
}
