TN:
SF:server.js
FN:10,(anonymous_0)
FN:12,(anonymous_1)
FNF:2
FNH:0
FNDA:0,(anonymous_0)
FNDA:0,(anonymous_1)
DA:3,2
DA:4,2
DA:6,2
DA:8,2
DA:11,0
DA:12,0
LF:6
LH:4
BRDA:11,0,0,0
BRDA:11,0,1,0
BRDA:11,0,2,0
BRF:3
BRH:0
end_of_record
TN:
SF:src/auth/middleware.js
FN:6,basicAuthentication
FNF:1
FNH:1
FNDA:3,basicAuthentication
DA:3,2
DA:4,2
DA:6,2
DA:8,3
DA:10,3
DA:14,3
DA:17,3
DA:19,3
DA:21,3
DA:23,3
DA:24,3
DA:26,3
DA:27,0
DA:28,0
DA:30,3
LF:15
LH:13
BRDA:10,0,0,0
BRDA:10,0,1,3
BRF:2
BRH:1
end_of_record
TN:
SF:src/auth/users-model.js
FN:17,(anonymous_0)
FN:20,(anonymous_1)
FN:31,(anonymous_2)
FN:34,(anonymous_3)
FN:38,(anonymous_4)
FN:46,(anonymous_5)
FN:48,(anonymous_6)
FN:51,(anonymous_7)
FNF:8
FNH:4
FNDA:1,(anonymous_0)
FNDA:1,(anonymous_1)
FNDA:3,(anonymous_2)
FNDA:3,(anonymous_3)
FNDA:0,(anonymous_4)
FNDA:0,(anonymous_5)
FNDA:0,(anonymous_6)
FNDA:0,(anonymous_7)
DA:3,2
DA:4,2
DA:5,2
DA:7,2
DA:9,2
DA:17,2
DA:18,1
DA:19,1
DA:21,1
DA:22,1
DA:24,0
DA:25,0
DA:31,2
DA:32,3
DA:33,3
DA:35,3
DA:36,3
DA:39,0
DA:40,0
DA:46,2
DA:47,0
DA:48,0
DA:51,2
DA:52,0
DA:55,0
DA:56,0
DA:57,0
DA:60,2
LF:28
LH:18
BRDA:18,0,0,1
BRDA:18,0,1,0
BRDA:36,1,0,0
BRDA:36,1,1,3
BRDA:36,2,0,3
BRDA:36,2,1,0
BRDA:48,3,0,0
BRDA:48,3,1,0
BRF:8
BRH:3
end_of_record
